<?xml version="1.0" encoding="UTF-8"?>
<testsuite name="com.mnidhub.homebanking.RepositoriesTest" tests="2" skipped="0" failures="0" errors="0" timestamp="2022-08-22T14:42:01" hostname="DESKTOP-IUQ9877" time="0.214">
  <properties/>
  <testcase name="existPersonalLoan()" classname="com.mnidhub.homebanking.RepositoriesTest" time="0.174"/>
  <testcase name="existLoans()" classname="com.mnidhub.homebanking.RepositoriesTest" time="0.038"/>
  <system-out><![CDATA[2022-08-22 11:42:01.928  INFO 16904 --- [    Test worker] .b.t.c.SpringBootTestContextBootstrapper : Neither @ContextConfiguration nor @ContextHierarchy found for test class [com.mnidhub.homebanking.RepositoriesTest], using SpringBootContextLoader
2022-08-22 11:42:01.929  INFO 16904 --- [    Test worker] o.s.t.c.support.AbstractContextLoader    : Could not detect default resource locations for test class [com.mnidhub.homebanking.RepositoriesTest]: no resource found for suffixes {-context.xml, Context.groovy}.
2022-08-22 11:42:01.929  INFO 16904 --- [    Test worker] t.c.s.AnnotationConfigContextLoaderUtils : Could not detect default configuration classes for test class [com.mnidhub.homebanking.RepositoriesTest]: RepositoriesTest does not declare any static, non-private, non-final, nested classes annotated with @Configuration.
2022-08-22 11:42:01.933  INFO 16904 --- [    Test worker] .b.t.c.SpringBootTestContextBootstrapper : Found @SpringBootConfiguration com.mnidhub.homebanking.HomebankingApplication for test class com.mnidhub.homebanking.RepositoriesTest
2022-08-22 11:42:01.936  INFO 16904 --- [    Test worker] .b.t.c.SpringBootTestContextBootstrapper : Loaded default TestExecutionListener class names from location [META-INF/spring.factories]: [org.springframework.boot.test.autoconfigure.restdocs.RestDocsTestExecutionListener, org.springframework.boot.test.autoconfigure.web.client.MockRestServiceServerResetTestExecutionListener, org.springframework.boot.test.autoconfigure.web.servlet.MockMvcPrintOnlyOnFailureTestExecutionListener, org.springframework.boot.test.autoconfigure.web.servlet.WebDriverTestExecutionListener, org.springframework.boot.test.autoconfigure.webservices.client.MockWebServiceServerTestExecutionListener, org.springframework.boot.test.mock.mockito.MockitoTestExecutionListener, org.springframework.boot.test.mock.mockito.ResetMocksTestExecutionListener, org.springframework.test.context.web.ServletTestExecutionListener, org.springframework.test.context.support.DirtiesContextBeforeModesTestExecutionListener, org.springframework.test.context.event.ApplicationEventsTestExecutionListener, org.springframework.test.context.support.DependencyInjectionTestExecutionListener, org.springframework.test.context.support.DirtiesContextTestExecutionListener, org.springframework.test.context.transaction.TransactionalTestExecutionListener, org.springframework.test.context.jdbc.SqlScriptsTestExecutionListener, org.springframework.test.context.event.EventPublishingTestExecutionListener]
2022-08-22 11:42:01.937  INFO 16904 --- [    Test worker] .b.t.c.SpringBootTestContextBootstrapper : Using TestExecutionListeners: [org.springframework.test.context.web.ServletTestExecutionListener@53f67af6, org.springframework.test.context.support.DirtiesContextBeforeModesTestExecutionListener@5a85f41b, org.springframework.test.context.event.ApplicationEventsTestExecutionListener@35abfeba, org.springframework.boot.test.mock.mockito.MockitoTestExecutionListener@7b031f53, org.springframework.boot.test.autoconfigure.SpringBootDependencyInjectionTestExecutionListener@1b42eb0f, org.springframework.test.context.support.DirtiesContextTestExecutionListener@6e92f150, org.springframework.test.context.transaction.TransactionalTestExecutionListener@4268c16, org.springframework.test.context.jdbc.SqlScriptsTestExecutionListener@673ce246, org.springframework.test.context.event.EventPublishingTestExecutionListener@6baa673d, org.springframework.boot.test.autoconfigure.restdocs.RestDocsTestExecutionListener@124b1369, org.springframework.boot.test.autoconfigure.web.client.MockRestServiceServerResetTestExecutionListener@22bd6b0a, org.springframework.boot.test.autoconfigure.web.servlet.MockMvcPrintOnlyOnFailureTestExecutionListener@221383c9, org.springframework.boot.test.autoconfigure.web.servlet.WebDriverTestExecutionListener@1a389b39, org.springframework.boot.test.autoconfigure.webservices.client.MockWebServiceServerTestExecutionListener@50a2034c, org.springframework.boot.test.mock.mockito.ResetMocksTestExecutionListener@190ec769]
]]></system-out>
  <system-err><![CDATA[]]></system-err>
</testsuite>
