<?xml version="1.0" encoding="UTF-8"?>
<testsuite name="com.mnidhub.homebanking.CardUtilsTest" tests="2" skipped="0" failures="0" errors="0" timestamp="2022-08-22T14:41:58" hostname="DESKTOP-IUQ9877" time="0.292">
  <properties/>
  <testcase name="cardNumberCvvIsCreated()" classname="com.mnidhub.homebanking.CardUtilsTest" time="0.26"/>
  <testcase name="cardNumberIsCreated()" classname="com.mnidhub.homebanking.CardUtilsTest" time="0.027"/>
  <system-out><![CDATA[11:41:50.017 [Test worker] DEBUG org.springframework.test.context.BootstrapUtils - Instantiating CacheAwareContextLoaderDelegate from class [org.springframework.test.context.cache.DefaultCacheAwareContextLoaderDelegate]
11:41:50.026 [Test worker] DEBUG org.springframework.test.context.BootstrapUtils - Instantiating BootstrapContext using constructor [public org.springframework.test.context.support.DefaultBootstrapContext(java.lang.Class,org.springframework.test.context.CacheAwareContextLoaderDelegate)]
11:41:50.063 [Test worker] DEBUG org.springframework.test.context.BootstrapUtils - Instantiating TestContextBootstrapper for test class [com.mnidhub.homebanking.CardUtilsTest] from class [org.springframework.boot.test.context.SpringBootTestContextBootstrapper]
11:41:50.073 [Test worker] INFO org.springframework.boot.test.context.SpringBootTestContextBootstrapper - Neither @ContextConfiguration nor @ContextHierarchy found for test class [com.mnidhub.homebanking.CardUtilsTest], using SpringBootContextLoader
11:41:50.077 [Test worker] DEBUG org.springframework.test.context.support.AbstractContextLoader - Did not detect default resource location for test class [com.mnidhub.homebanking.CardUtilsTest]: class path resource [com/mnidhub/homebanking/CardUtilsTest-context.xml] does not exist
11:41:50.077 [Test worker] DEBUG org.springframework.test.context.support.AbstractContextLoader - Did not detect default resource location for test class [com.mnidhub.homebanking.CardUtilsTest]: class path resource [com/mnidhub/homebanking/CardUtilsTestContext.groovy] does not exist
11:41:50.077 [Test worker] INFO org.springframework.test.context.support.AbstractContextLoader - Could not detect default resource locations for test class [com.mnidhub.homebanking.CardUtilsTest]: no resource found for suffixes {-context.xml, Context.groovy}.
11:41:50.078 [Test worker] INFO org.springframework.test.context.support.AnnotationConfigContextLoaderUtils - Could not detect default configuration classes for test class [com.mnidhub.homebanking.CardUtilsTest]: CardUtilsTest does not declare any static, non-private, non-final, nested classes annotated with @Configuration.
11:41:50.127 [Test worker] DEBUG org.springframework.test.context.support.ActiveProfilesUtils - Could not find an 'annotation declaring class' for annotation type [org.springframework.test.context.ActiveProfiles] and class [com.mnidhub.homebanking.CardUtilsTest]
11:41:50.192 [Test worker] DEBUG org.springframework.context.annotation.ClassPathScanningCandidateComponentProvider - Identified candidate component class: file [C:\Proyectos Java\homebanking2\build\classes\java\main\com\mnidhub\homebanking\HomebankingApplication.class]
11:41:50.193 [Test worker] INFO org.springframework.boot.test.context.SpringBootTestContextBootstrapper - Found @SpringBootConfiguration com.mnidhub.homebanking.HomebankingApplication for test class com.mnidhub.homebanking.CardUtilsTest
11:41:50.333 [Test worker] DEBUG org.springframework.boot.test.context.SpringBootTestContextBootstrapper - @TestExecutionListeners is not present for class [com.mnidhub.homebanking.CardUtilsTest]: using defaults.
11:41:50.335 [Test worker] INFO org.springframework.boot.test.context.SpringBootTestContextBootstrapper - Loaded default TestExecutionListener class names from location [META-INF/spring.factories]: [org.springframework.boot.test.autoconfigure.restdocs.RestDocsTestExecutionListener, org.springframework.boot.test.autoconfigure.web.client.MockRestServiceServerResetTestExecutionListener, org.springframework.boot.test.autoconfigure.web.servlet.MockMvcPrintOnlyOnFailureTestExecutionListener, org.springframework.boot.test.autoconfigure.web.servlet.WebDriverTestExecutionListener, org.springframework.boot.test.autoconfigure.webservices.client.MockWebServiceServerTestExecutionListener, org.springframework.boot.test.mock.mockito.MockitoTestExecutionListener, org.springframework.boot.test.mock.mockito.ResetMocksTestExecutionListener, org.springframework.test.context.web.ServletTestExecutionListener, org.springframework.test.context.support.DirtiesContextBeforeModesTestExecutionListener, org.springframework.test.context.event.ApplicationEventsTestExecutionListener, org.springframework.test.context.support.DependencyInjectionTestExecutionListener, org.springframework.test.context.support.DirtiesContextTestExecutionListener, org.springframework.test.context.transaction.TransactionalTestExecutionListener, org.springframework.test.context.jdbc.SqlScriptsTestExecutionListener, org.springframework.test.context.event.EventPublishingTestExecutionListener]
11:41:50.361 [Test worker] INFO org.springframework.boot.test.context.SpringBootTestContextBootstrapper - Using TestExecutionListeners: [org.springframework.test.context.web.ServletTestExecutionListener@58cd06cb, org.springframework.test.context.support.DirtiesContextBeforeModesTestExecutionListener@3be8821f, org.springframework.test.context.event.ApplicationEventsTestExecutionListener@64b31700, org.springframework.boot.test.mock.mockito.MockitoTestExecutionListener@3b65e559, org.springframework.boot.test.autoconfigure.SpringBootDependencyInjectionTestExecutionListener@bae47a0, org.springframework.test.context.support.DirtiesContextTestExecutionListener@74a9c4b0, org.springframework.test.context.transaction.TransactionalTestExecutionListener@85ec632, org.springframework.test.context.jdbc.SqlScriptsTestExecutionListener@1c05a54d, org.springframework.test.context.event.EventPublishingTestExecutionListener@65ef722a, org.springframework.boot.test.autoconfigure.restdocs.RestDocsTestExecutionListener@5fd9b663, org.springframework.boot.test.autoconfigure.web.client.MockRestServiceServerResetTestExecutionListener@214894fc, org.springframework.boot.test.autoconfigure.web.servlet.MockMvcPrintOnlyOnFailureTestExecutionListener@10567255, org.springframework.boot.test.autoconfigure.web.servlet.WebDriverTestExecutionListener@e362c57, org.springframework.boot.test.autoconfigure.webservices.client.MockWebServiceServerTestExecutionListener@1c4ee95c, org.springframework.boot.test.mock.mockito.ResetMocksTestExecutionListener@79c4715d]
11:41:50.366 [Test worker] DEBUG org.springframework.test.context.support.AbstractDirtiesContextTestExecutionListener - Before test class: context [DefaultTestContext@57dc9128 testClass = CardUtilsTest, testInstance = [null], testMethod = [null], testException = [null], mergedContextConfiguration = [WebMergedContextConfiguration@24528a25 testClass = CardUtilsTest, locations = '{}', classes = '{class com.mnidhub.homebanking.HomebankingApplication}', contextInitializerClasses = '[]', activeProfiles = '{}', propertySourceLocations = '{}', propertySourceProperties = '{org.springframework.boot.test.context.SpringBootTestContextBootstrapper=true}', contextCustomizers = set[org.springframework.boot.test.autoconfigure.actuate.metrics.MetricsExportContextCustomizerFactory$DisableMetricExportContextCustomizer@40499e4f, org.springframework.boot.test.autoconfigure.properties.PropertyMappingContextCustomizer@c3b93260, org.springframework.boot.test.autoconfigure.web.servlet.WebDriverContextCustomizerFactory$Customizer@3dddefd8, [ImportsContextCustomizer@17ae98d7 key = [org.springframework.boot.test.autoconfigure.jdbc.TestDatabaseAutoConfiguration, org.springframework.boot.autoconfigure.jdbc.DataSourceAutoConfiguration]], org.springframework.boot.test.context.filter.ExcludeFilterContextCustomizer@553f1d75, org.springframework.boot.test.json.DuplicateJsonObjectContextCustomizerFactory$DuplicateJsonObjectContextCustomizer@4de41af9, org.springframework.boot.test.mock.mockito.MockitoContextCustomizer@0, org.springframework.boot.test.web.client.TestRestTemplateContextCustomizer@2611b9a3, org.springframework.boot.test.context.SpringBootTestArgs@1, org.springframework.boot.test.context.SpringBootTestWebEnvironment@748741cb], resourceBasePath = 'src/main/webapp', contextLoader = 'org.springframework.boot.test.context.SpringBootContextLoader', parent = [null]], attributes = map['org.springframework.test.context.web.ServletTestExecutionListener.activateListener' -> true]], class annotated with @DirtiesContext [false] with mode [null].

  .   ____          _            __ _ _
 /\\ / ___'_ __ _ _(_)_ __  __ _ \ \ \ \
( ( )\___ | '_ | '_| | '_ \/ _` | \ \ \ \
 \\/  ___)| |_)| | | | | || (_| |  ) ) ) )
  '  |____| .__|_| |_|_| |_\__, | / / / /
 =========|_|==============|___/=/_/_/_/
 :: Spring Boot ::                (v2.7.2)

2022-08-22 11:41:50.821  INFO 16904 --- [    Test worker] com.mnidhub.homebanking.CardUtilsTest    : Starting CardUtilsTest using Java 11.0.15 on DESKTOP-IUQ9877 with PID 16904 (started by Roman in C:\Proyectos Java\homebanking2)
2022-08-22 11:41:50.827  INFO 16904 --- [    Test worker] com.mnidhub.homebanking.CardUtilsTest    : No active profile set, falling back to 1 default profile: "default"
2022-08-22 11:41:52.093  INFO 16904 --- [    Test worker] .s.d.r.c.RepositoryConfigurationDelegate : Bootstrapping Spring Data JPA repositories in DEFAULT mode.
2022-08-22 11:41:52.181  INFO 16904 --- [    Test worker] .s.d.r.c.RepositoryConfigurationDelegate : Finished Spring Data repository scanning in 77 ms. Found 6 JPA repository interfaces.
2022-08-22 11:41:52.370  INFO 16904 --- [    Test worker] beddedDataSourceBeanFactoryPostProcessor : Replacing 'dataSource' DataSource bean with embedded version
2022-08-22 11:41:52.755  INFO 16904 --- [    Test worker] o.s.j.d.e.EmbeddedDatabaseFactory        : Starting embedded database: url='jdbc:h2:mem:e1a34886-7572-4d37-b9ff-bd87b0b9d68e;DB_CLOSE_DELAY=-1;DB_CLOSE_ON_EXIT=false', username='sa'
2022-08-22 11:41:53.223  INFO 16904 --- [    Test worker] o.hibernate.jpa.internal.util.LogHelper  : HHH000204: Processing PersistenceUnitInfo [name: default]
2022-08-22 11:41:53.288  INFO 16904 --- [    Test worker] org.hibernate.Version                    : HHH000412: Hibernate ORM core version 5.6.10.Final
2022-08-22 11:41:53.487  INFO 16904 --- [    Test worker] o.hibernate.annotations.common.Version   : HCANN000001: Hibernate Commons Annotations {5.1.2.Final}
2022-08-22 11:41:53.656  INFO 16904 --- [    Test worker] org.hibernate.dialect.Dialect            : HHH000400: Using dialect: org.hibernate.dialect.H2Dialect
2022-08-22 11:41:54.411  INFO 16904 --- [    Test worker] o.h.e.t.j.p.i.JtaPlatformInitiator       : HHH000490: Using JtaPlatform implementation: [org.hibernate.engine.transaction.jta.platform.internal.NoJtaPlatform]
2022-08-22 11:41:54.422  INFO 16904 --- [    Test worker] j.LocalContainerEntityManagerFactoryBean : Initialized JPA EntityManagerFactory for persistence unit 'default'
2022-08-22 11:41:55.167  WARN 16904 --- [    Test worker] JpaBaseConfiguration$JpaWebConfiguration : spring.jpa.open-in-view is enabled by default. Therefore, database queries may be performed during view rendering. Explicitly configure spring.jpa.open-in-view to disable this warning
2022-08-22 11:41:56.046  INFO 16904 --- [    Test worker] o.s.s.web.DefaultSecurityFilterChain     : Will secure any request with [org.springframework.security.web.session.DisableEncodeUrlFilter@30cb489a, org.springframework.security.web.context.request.async.WebAsyncManagerIntegrationFilter@401d83ce, org.springframework.security.web.context.SecurityContextPersistenceFilter@5c6be812, org.springframework.security.web.header.HeaderWriterFilter@24890021, org.springframework.security.web.authentication.logout.LogoutFilter@3ec52163, org.springframework.security.web.authentication.UsernamePasswordAuthenticationFilter@682270ff, org.springframework.security.web.savedrequest.RequestCacheAwareFilter@3cc548f6, org.springframework.security.web.servletapi.SecurityContextHolderAwareRequestFilter@74070994, org.springframework.security.web.authentication.AnonymousAuthenticationFilter@3b7b099b, org.springframework.security.web.session.SessionManagementFilter@7205a8b7, org.springframework.security.web.access.ExceptionTranslationFilter@304704ae, org.springframework.security.web.access.intercept.FilterSecurityInterceptor@7552f05b]
2022-08-22 11:41:56.943  INFO 16904 --- [    Test worker] o.s.b.a.h2.H2ConsoleAutoConfiguration    : H2 console available at '/h2-console'. Database available at 'jdbc:h2:mem:e1a34886-7572-4d37-b9ff-bd87b0b9d68e'
2022-08-22 11:41:57.904  INFO 16904 --- [    Test worker] com.mnidhub.homebanking.CardUtilsTest    : Started CardUtilsTest in 7.5 seconds (JVM running for 8.807)
Client{firstName='Melba', lastName='Lorenzo', email='roman.g@hotmail.com'}
Account{number='VIN001', creationDate=2022-08-22T11:41:58.086644600, balance=5000.0}
Transaction{id=0, type=DEBIT, amount=1000.0, description='Cuota', date=2022-08-22T11:41:58.086644600, account=null}
Loan{id=null, name='Hipotecario', maxAmount=500.0, payments=[12, 24, 36, 48, 60]}
]]></system-out>
  <system-err><![CDATA[]]></system-err>
</testsuite>
